<?xml version="1.0" encoding="UTF-8"?>
<!-- Generated by org.testng.reporters.JUnitReportReporter -->
<testsuite hostname="pc_my" name="ru.mail.LoginTest" tests="1" failures="0" timestamp="4 Nov 2018 04:02:07 GMT" time="76.897" errors="0">
  <testcase name="positiveLoginTest" time="76.897" classname="ru.mail.LoginTest"/>
</testsuite>
